Model: CNN from Pytorch tutorial
Batch size: 128
Epoch num: 100
Optimizer: Adam
----------Training Epoch #0----------
Finish 1 epoch, Train loss: 2.030507, Train acc@1: 0.289040
Test loss: 1.663701, Test acc@1: 0.387800
Saving best model...			Top1 = 38.780000%
Elapsed time: 82.71258473396301
----------Training Epoch #1----------
Finish 2 epoch, Train loss: 1.740800, Train acc@1: 0.389760
Test loss: 1.525984, Test acc@1: 0.448200
Saving best model...			Top1 = 44.820000%
Elapsed time: 163.50770473480225
----------Training Epoch #2----------
Finish 3 epoch, Train loss: 1.499343, Train acc@1: 0.465940
Test loss: 1.376044, Test acc@1: 0.497200
Saving best model...			Top1 = 49.720000%
Elapsed time: 246.85023856163025
----------Training Epoch #3----------
Finish 4 epoch, Train loss: 1.203544, Train acc@1: 0.576980
Test loss: 1.111117, Test acc@1: 0.616300
Saving best model...			Top1 = 61.630000%
Elapsed time: 330.77447152137756
----------Training Epoch #4----------
Finish 5 epoch, Train loss: 0.992320, Train acc@1: 0.654060
Test loss: 0.948598, Test acc@1: 0.671300
Saving best model...			Top1 = 67.130000%
Elapsed time: 411.9755599498749
----------Training Epoch #5----------
Finish 6 epoch, Train loss: 0.854978, Train acc@1: 0.705240
Test loss: 0.859275, Test acc@1: 0.708900
Saving best model...			Top1 = 70.890000%
Elapsed time: 494.1718316078186
----------Training Epoch #6----------
Finish 7 epoch, Train loss: 0.757912, Train acc@1: 0.739540
Test loss: 0.839766, Test acc@1: 0.711100
Saving best model...			Top1 = 71.110000%
Elapsed time: 576.1425127983093
----------Training Epoch #7----------
Finish 8 epoch, Train loss: 0.681676, Train acc@1: 0.766800
Test loss: 0.854728, Test acc@1: 0.717000
Saving best model...			Top1 = 71.700000%
Elapsed time: 659.9662082195282
----------Training Epoch #8----------
Finish 9 epoch, Train loss: 0.613363, Train acc@1: 0.790260
Test loss: 0.800225, Test acc@1: 0.725100
Saving best model...			Top1 = 72.510000%
Elapsed time: 743.5215651988983
----------Training Epoch #9----------
Finish 10 epoch, Train loss: 0.563955, Train acc@1: 0.809060
Test loss: 0.756464, Test acc@1: 0.748800
Saving best model...			Top1 = 74.880000%
Elapsed time: 825.7714726924896
----------Training Epoch #10----------
Finish 11 epoch, Train loss: 0.508871, Train acc@1: 0.827220
Test loss: 0.753026, Test acc@1: 0.753100
Saving best model...			Top1 = 75.310000%
Elapsed time: 904.551483631134
----------Training Epoch #11----------
Finish 12 epoch, Train loss: 0.462516, Train acc@1: 0.844400
Test loss: 0.763334, Test acc@1: 0.749000
Elapsed time: 986.5607540607452
----------Training Epoch #12----------
Finish 13 epoch, Train loss: 0.432922, Train acc@1: 0.852740
Test loss: 0.783314, Test acc@1: 0.752100
Elapsed time: 1068.5215792655945
----------Training Epoch #13----------
Finish 14 epoch, Train loss: 0.398121, Train acc@1: 0.864500
Test loss: 0.800865, Test acc@1: 0.751100
Elapsed time: 1150.610030412674
----------Training Epoch #14----------
Finish 15 epoch, Train loss: 0.366579, Train acc@1: 0.874080
Test loss: 0.757255, Test acc@1: 0.763200
Saving best model...			Top1 = 76.320000%
Elapsed time: 1231.0254197120667
----------Training Epoch #15----------
Finish 16 epoch, Train loss: 0.342664, Train acc@1: 0.883940
Test loss: 0.733285, Test acc@1: 0.773800
Saving best model...			Top1 = 77.380000%
Elapsed time: 1312.1117527484894
----------Training Epoch #16----------
Finish 17 epoch, Train loss: 0.326407, Train acc@1: 0.888700
Test loss: 0.792014, Test acc@1: 0.757500
Elapsed time: 1390.842363834381
----------Training Epoch #17----------
Finish 18 epoch, Train loss: 0.310682, Train acc@1: 0.895060
Test loss: 0.749614, Test acc@1: 0.771700
Elapsed time: 1473.3487296104431
----------Training Epoch #18----------
Finish 19 epoch, Train loss: 0.289120, Train acc@1: 0.901640
Test loss: 0.796628, Test acc@1: 0.764400
Elapsed time: 1556.8238563537598
----------Training Epoch #19----------
Finish 20 epoch, Train loss: 0.278644, Train acc@1: 0.906200
Test loss: 0.824149, Test acc@1: 0.755900
Elapsed time: 1635.7529447078705
----------Training Epoch #20----------
Finish 21 epoch, Train loss: 0.266081, Train acc@1: 0.910140
Test loss: 0.797136, Test acc@1: 0.768600
Elapsed time: 1718.1412625312805
----------Training Epoch #21----------
Finish 22 epoch, Train loss: 0.251209, Train acc@1: 0.915840
Test loss: 0.810291, Test acc@1: 0.767200
Elapsed time: 1798.1997411251068
----------Training Epoch #22----------
Finish 23 epoch, Train loss: 0.242092, Train acc@1: 0.917760
Test loss: 0.880261, Test acc@1: 0.749900
Elapsed time: 1878.335776567459
----------Training Epoch #23----------
Finish 24 epoch, Train loss: 0.237448, Train acc@1: 0.918980
Test loss: 0.829480, Test acc@1: 0.761200
Elapsed time: 1959.941722869873
----------Training Epoch #24----------
Finish 25 epoch, Train loss: 0.235556, Train acc@1: 0.920720
Test loss: 0.814242, Test acc@1: 0.762000
Elapsed time: 2043.8680801391602
----------Training Epoch #25----------
Finish 26 epoch, Train loss: 0.223859, Train acc@1: 0.923820
Test loss: 0.851732, Test acc@1: 0.763800
Elapsed time: 2125.227761745453
----------Training Epoch #26----------
Finish 27 epoch, Train loss: 0.221066, Train acc@1: 0.925660
Test loss: 0.856843, Test acc@1: 0.765500
Elapsed time: 2208.8668253421783
----------Training Epoch #27----------
Finish 28 epoch, Train loss: 0.207305, Train acc@1: 0.930980
Test loss: 0.867212, Test acc@1: 0.758700
Elapsed time: 2290.1200325489044
----------Training Epoch #28----------
Finish 29 epoch, Train loss: 0.205238, Train acc@1: 0.929960
Test loss: 0.891075, Test acc@1: 0.756500
Elapsed time: 2369.9645850658417
----------Training Epoch #29----------
Finish 30 epoch, Train loss: 0.202409, Train acc@1: 0.931460
Test loss: 0.874667, Test acc@1: 0.762500
Elapsed time: 2450.5812215805054
----------Training Epoch #30----------
Finish 31 epoch, Train loss: 0.196318, Train acc@1: 0.934460
Test loss: 0.882506, Test acc@1: 0.761900
Elapsed time: 2532.449132204056
----------Training Epoch #31----------
Finish 32 epoch, Train loss: 0.197381, Train acc@1: 0.934580
Test loss: 0.839771, Test acc@1: 0.770200
Elapsed time: 2612.898293018341
----------Training Epoch #32----------
Finish 33 epoch, Train loss: 0.190883, Train acc@1: 0.935440
Test loss: 0.842024, Test acc@1: 0.768600
Elapsed time: 2695.190078020096
----------Training Epoch #33----------
Finish 34 epoch, Train loss: 0.191011, Train acc@1: 0.935720
Test loss: 0.868690, Test acc@1: 0.764600
Elapsed time: 2778.249785900116
----------Training Epoch #34----------
Finish 35 epoch, Train loss: 0.192326, Train acc@1: 0.935280
Test loss: 0.869656, Test acc@1: 0.765100
Elapsed time: 2860.2546491622925
----------Training Epoch #35----------
Finish 36 epoch, Train loss: 0.187993, Train acc@1: 0.936160
Test loss: 0.833302, Test acc@1: 0.772900
Elapsed time: 2944.005955696106
----------Training Epoch #36----------
Finish 37 epoch, Train loss: 0.185308, Train acc@1: 0.937660
Test loss: 0.887507, Test acc@1: 0.768000
Elapsed time: 3025.5231018066406
----------Training Epoch #37----------
Finish 38 epoch, Train loss: 0.179649, Train acc@1: 0.938380
Test loss: 0.888852, Test acc@1: 0.759100
Elapsed time: 3106.774867773056
----------Training Epoch #38----------
Finish 39 epoch, Train loss: 0.176661, Train acc@1: 0.939560
Test loss: 0.852859, Test acc@1: 0.773000
Elapsed time: 3190.600747823715
----------Training Epoch #39----------
Finish 40 epoch, Train loss: 0.180561, Train acc@1: 0.938940
Test loss: 0.890300, Test acc@1: 0.760700
Elapsed time: 3272.24280834198
----------Training Epoch #40----------
Finish 41 epoch, Train loss: 0.172619, Train acc@1: 0.941920
Test loss: 0.889640, Test acc@1: 0.765700
Elapsed time: 3353.2545716762543
----------Training Epoch #41----------
Finish 42 epoch, Train loss: 0.171109, Train acc@1: 0.941680
Test loss: 0.827426, Test acc@1: 0.778400
Saving best model...			Top1 = 77.840000%
Elapsed time: 3432.3164081573486
----------Training Epoch #42----------
Finish 43 epoch, Train loss: 0.172281, Train acc@1: 0.941060
Test loss: 0.868900, Test acc@1: 0.769600
Elapsed time: 3515.8345839977264
----------Training Epoch #43----------
Finish 44 epoch, Train loss: 0.168121, Train acc@1: 0.943160
Test loss: 0.823305, Test acc@1: 0.775600
Elapsed time: 3598.5449924468994
----------Training Epoch #44----------
Finish 45 epoch, Train loss: 0.169240, Train acc@1: 0.944360
Test loss: 0.871392, Test acc@1: 0.771800
Elapsed time: 3678.2137751579285
----------Training Epoch #45----------
Finish 46 epoch, Train loss: 0.165866, Train acc@1: 0.942780
Test loss: 0.957247, Test acc@1: 0.757300
Elapsed time: 3757.3200368881226
----------Training Epoch #46----------
Finish 47 epoch, Train loss: 0.167374, Train acc@1: 0.941780
Test loss: 0.892231, Test acc@1: 0.768100
Elapsed time: 3837.407501935959
----------Training Epoch #47----------
Finish 48 epoch, Train loss: 0.166382, Train acc@1: 0.944240
Test loss: 0.912332, Test acc@1: 0.762400
Elapsed time: 3919.364193916321
----------Training Epoch #48----------
Finish 49 epoch, Train loss: 0.159102, Train acc@1: 0.946240
Test loss: 0.915298, Test acc@1: 0.763200
Elapsed time: 4002.5736787319183
----------Training Epoch #49----------
Finish 50 epoch, Train loss: 0.156604, Train acc@1: 0.946720
Test loss: 0.846598, Test acc@1: 0.779000
Saving best model...			Top1 = 77.900000%
Elapsed time: 4085.289009332657
----------Training Epoch #50----------
Finish 51 epoch, Train loss: 0.156067, Train acc@1: 0.947520
Test loss: 0.935348, Test acc@1: 0.764600
Elapsed time: 4165.305214881897
----------Training Epoch #51----------
Finish 52 epoch, Train loss: 0.155180, Train acc@1: 0.947200
Test loss: 0.910117, Test acc@1: 0.774000
Elapsed time: 4247.23565030098
----------Training Epoch #52----------
Finish 53 epoch, Train loss: 0.154988, Train acc@1: 0.946260
Test loss: 0.926130, Test acc@1: 0.770900
Elapsed time: 4328.575681686401
----------Training Epoch #53----------
Finish 54 epoch, Train loss: 0.158981, Train acc@1: 0.945420
Test loss: 0.887711, Test acc@1: 0.775900
Elapsed time: 4408.933600187302
----------Training Epoch #54----------
Finish 55 epoch, Train loss: 0.155628, Train acc@1: 0.947220
Test loss: 0.881078, Test acc@1: 0.771700
Elapsed time: 4490.946364402771
----------Training Epoch #55----------
Finish 56 epoch, Train loss: 0.156124, Train acc@1: 0.946100
Test loss: 0.910090, Test acc@1: 0.766000
Elapsed time: 4571.836920499802
----------Training Epoch #56----------
Finish 57 epoch, Train loss: 0.153496, Train acc@1: 0.947260
Test loss: 0.884547, Test acc@1: 0.769500
Elapsed time: 4652.900234937668
----------Training Epoch #57----------
Finish 58 epoch, Train loss: 0.154702, Train acc@1: 0.946440
Test loss: 0.944448, Test acc@1: 0.764100
Elapsed time: 4735.715753793716
----------Training Epoch #58----------
Finish 59 epoch, Train loss: 0.155265, Train acc@1: 0.947580
Test loss: 0.891484, Test acc@1: 0.771300
Elapsed time: 4816.634783267975
----------Training Epoch #59----------
Finish 60 epoch, Train loss: 0.153467, Train acc@1: 0.948260
Test loss: 0.935186, Test acc@1: 0.763900
Elapsed time: 4899.221848249435
----------Training Epoch #60----------
Finish 61 epoch, Train loss: 0.146993, Train acc@1: 0.949800
Test loss: 0.936973, Test acc@1: 0.767500
Elapsed time: 4979.212042808533
----------Training Epoch #61----------
Finish 62 epoch, Train loss: 0.148968, Train acc@1: 0.950760
Test loss: 0.954988, Test acc@1: 0.759700
Elapsed time: 5061.505036830902
----------Training Epoch #62----------
Finish 63 epoch, Train loss: 0.151242, Train acc@1: 0.949500
Test loss: 0.899949, Test acc@1: 0.765600
Elapsed time: 5142.484419345856
----------Training Epoch #63----------
Finish 64 epoch, Train loss: 0.144973, Train acc@1: 0.951200
Test loss: 0.915544, Test acc@1: 0.769700
Elapsed time: 5224.61971116066
----------Training Epoch #64----------
Finish 65 epoch, Train loss: 0.144992, Train acc@1: 0.951100
Test loss: 0.872105, Test acc@1: 0.772400
Elapsed time: 5305.4480900764465
----------Training Epoch #65----------
Finish 66 epoch, Train loss: 0.144286, Train acc@1: 0.950680
Test loss: 0.874998, Test acc@1: 0.777000
Elapsed time: 5389.778525352478
----------Training Epoch #66----------
Finish 67 epoch, Train loss: 0.149575, Train acc@1: 0.949520
Test loss: 0.876700, Test acc@1: 0.779500
Saving best model...			Top1 = 77.950000%
Elapsed time: 5472.5123908519745
----------Training Epoch #67----------
Finish 68 epoch, Train loss: 0.141724, Train acc@1: 0.951160
Test loss: 0.910669, Test acc@1: 0.774100
Elapsed time: 5550.996929883957
----------Training Epoch #68----------
Finish 69 epoch, Train loss: 0.139888, Train acc@1: 0.951280
Test loss: 0.885113, Test acc@1: 0.772900
Elapsed time: 5632.820518016815
----------Training Epoch #69----------
Finish 70 epoch, Train loss: 0.144952, Train acc@1: 0.951200
Test loss: 0.928310, Test acc@1: 0.766900
Elapsed time: 5714.4314506053925
----------Training Epoch #70----------
Finish 71 epoch, Train loss: 0.143148, Train acc@1: 0.952040
Test loss: 0.901232, Test acc@1: 0.770300
Elapsed time: 5791.086248874664
----------Training Epoch #71----------
Finish 72 epoch, Train loss: 0.142741, Train acc@1: 0.951740
Test loss: 0.943003, Test acc@1: 0.770400
Elapsed time: 5868.302431821823
----------Training Epoch #72----------
Finish 73 epoch, Train loss: 0.140232, Train acc@1: 0.952960
Test loss: 0.874448, Test acc@1: 0.777100
Elapsed time: 5949.109491825104
----------Training Epoch #73----------
Finish 74 epoch, Train loss: 0.145016, Train acc@1: 0.950860
Test loss: 0.904203, Test acc@1: 0.778500
Elapsed time: 6027.616040945053
----------Training Epoch #74----------
Finish 75 epoch, Train loss: 0.137220, Train acc@1: 0.953100
Test loss: 0.948587, Test acc@1: 0.768600
Elapsed time: 6108.696905851364
----------Training Epoch #75----------
Finish 76 epoch, Train loss: 0.138897, Train acc@1: 0.953240
Test loss: 0.888886, Test acc@1: 0.774500
Elapsed time: 6191.095072984695
----------Training Epoch #76----------
Finish 77 epoch, Train loss: 0.140161, Train acc@1: 0.952360
Test loss: 0.894413, Test acc@1: 0.773200
Elapsed time: 6268.125873327255
----------Training Epoch #77----------
Finish 78 epoch, Train loss: 0.142677, Train acc@1: 0.951940
Test loss: 0.942431, Test acc@1: 0.764000
Elapsed time: 6348.207208633423
----------Training Epoch #78----------
Finish 79 epoch, Train loss: 0.138222, Train acc@1: 0.952520
Test loss: 0.918326, Test acc@1: 0.769900
Elapsed time: 6431.151489496231
----------Training Epoch #79----------
Finish 80 epoch, Train loss: 0.136231, Train acc@1: 0.953820
Test loss: 0.920366, Test acc@1: 0.770700
Elapsed time: 6512.879169225693
----------Training Epoch #80----------
Finish 81 epoch, Train loss: 0.135023, Train acc@1: 0.954460
Test loss: 0.938164, Test acc@1: 0.769600
Elapsed time: 6594.989038705826
----------Training Epoch #81----------
Finish 82 epoch, Train loss: 0.138181, Train acc@1: 0.953160
Test loss: 0.906659, Test acc@1: 0.774500
Elapsed time: 6677.251099824905
----------Training Epoch #82----------
Finish 83 epoch, Train loss: 0.135269, Train acc@1: 0.955160
Test loss: 0.931134, Test acc@1: 0.765100
Elapsed time: 6758.214066743851
----------Training Epoch #83----------
Finish 84 epoch, Train loss: 0.133870, Train acc@1: 0.954880
Test loss: 0.937055, Test acc@1: 0.769300
Elapsed time: 6840.182899713516
----------Training Epoch #84----------
Finish 85 epoch, Train loss: 0.137800, Train acc@1: 0.953380
Test loss: 0.918621, Test acc@1: 0.774500
Elapsed time: 6918.119429826736
----------Training Epoch #85----------
Finish 86 epoch, Train loss: 0.138158, Train acc@1: 0.954080
Test loss: 0.896601, Test acc@1: 0.776400
Elapsed time: 7000.493273019791
----------Training Epoch #86----------
Finish 87 epoch, Train loss: 0.137451, Train acc@1: 0.952780
Test loss: 0.938406, Test acc@1: 0.771600
Elapsed time: 7080.616569042206
----------Training Epoch #87----------
Finish 88 epoch, Train loss: 0.136360, Train acc@1: 0.953700
Test loss: 0.924722, Test acc@1: 0.776200
Elapsed time: 7162.410851955414
----------Training Epoch #88----------
Finish 89 epoch, Train loss: 0.139836, Train acc@1: 0.952660
Test loss: 0.890273, Test acc@1: 0.775800
Elapsed time: 7243.953168869019
----------Training Epoch #89----------
Finish 90 epoch, Train loss: 0.136956, Train acc@1: 0.953400
Test loss: 0.952481, Test acc@1: 0.770900
Elapsed time: 7325.212834358215
----------Training Epoch #90----------
Finish 91 epoch, Train loss: 0.133470, Train acc@1: 0.954580
Test loss: 0.926168, Test acc@1: 0.769200
Elapsed time: 7407.951288938522
----------Training Epoch #91----------
Finish 92 epoch, Train loss: 0.134439, Train acc@1: 0.954980
Test loss: 0.988937, Test acc@1: 0.761500
Elapsed time: 7490.008256435394
----------Training Epoch #92----------
Finish 93 epoch, Train loss: 0.132261, Train acc@1: 0.955840
Test loss: 0.936375, Test acc@1: 0.768000
Elapsed time: 7571.670132637024
----------Training Epoch #93----------
Finish 94 epoch, Train loss: 0.130326, Train acc@1: 0.955900
Test loss: 0.932252, Test acc@1: 0.768700
Elapsed time: 7653.960819721222
----------Training Epoch #94----------
Finish 95 epoch, Train loss: 0.130916, Train acc@1: 0.955240
Test loss: 0.912953, Test acc@1: 0.769300
Elapsed time: 7733.334804534912
----------Training Epoch #95----------
Finish 96 epoch, Train loss: 0.133592, Train acc@1: 0.955180
Test loss: 0.900968, Test acc@1: 0.774400
Elapsed time: 7817.738901376724
----------Training Epoch #96----------
Finish 97 epoch, Train loss: 0.134246, Train acc@1: 0.953960
Test loss: 0.910181, Test acc@1: 0.774700
Elapsed time: 7897.474425315857
----------Training Epoch #97----------
Finish 98 epoch, Train loss: 0.133354, Train acc@1: 0.954920
Test loss: 0.932623, Test acc@1: 0.767200
Elapsed time: 7979.353479385376
----------Training Epoch #98----------
Finish 99 epoch, Train loss: 0.130882, Train acc@1: 0.955800
Test loss: 0.979132, Test acc@1: 0.767900
Elapsed time: 8059.355788946152
----------Training Epoch #99----------
Finish 100 epoch, Train loss: 0.134163, Train acc@1: 0.954620
Test loss: 0.905160, Test acc@1: 0.773000
Elapsed time: 8139.923057794571

Test results: Acc@1 = 77.950000%
